<?xml version="1.0" encoding="UTF-8"?>
<!-- Generated by org.testng.reporters.JUnitReportReporter -->
<testsuite hostname="Veera" failures="0" tests="1" name="driverFactory.AppTest" time="6.430" errors="0" timestamp="2024-11-17T10:48:36 IST" skipped="0">
  <testcase classname="driverFactory.AppTest" name="kickStart" time="6.430"/>
  <system-out>
    <![CDATA[No of rows are::4]]>
  </system-out>
</testsuite> <!-- driverFactory.AppTest -->
